<?xml version="1.0" encoding="UTF-8"?>
<!-- Generated by org.testng.reporters.JUnitXMLReporter -->
<testsuite ignored="0" hostname="govind-Vostro-15-3568" failures="0" tests="4" name="Test" time="36.237" errors="0" timestamp="2022-08-29T11:48:54 IST">
  <testcase classname="testNGTestCases.CreateLeadTestCase" name="CreateLead" time="29.87"/>
  <testcase classname="testNGTestCases.DeleteLead" name="deleteLead" time="32.442"/>
  <testcase classname="testNGTestCases.EditLead" name="editLead" time="32.557"/>
  <testcase classname="testNGTestCases.MergeLead" name="mergeLead" time="36.199"/>
</testsuite> <!-- Test -->
