<?xml version="1.0" encoding="UTF-8"?>
<!-- Generated by org.testng.reporters.JUnitXMLReporter -->
<testsuite ignored="1" hostname="govind-Vostro-15-3568" failures="0" tests="5" name="Default test" time="0.073" errors="0" timestamp="2022-09-03T15:57:50 IST">
  <testcase classname="learnAttributes.Attributes1" name="createLead" time="0.013"/>
  <testcase classname="learnAttributes.Attributes1" name="deleteLead" time="0.001"/>
  <testcase classname="learnAttributes.Attributes1" name="logins" time="0.002"/>
  <testcase classname="learnAttributes.Attributes1" name="duplicateLead" time="0.002"/>
  <testcase classname="learnAttributes.Attributes1" name="login" time="0.001"/>
  <testcase classname="learnAttributes.Attributes1" name="editLead" time="0.0">
    <ignored/>
  </testcase> <!-- editLead -->
</testsuite> <!-- Default test -->
