<?xml version="1.0" encoding="UTF-8"?>
<testng-results ignored="1" total="6" passed="5" failed="0" skipped="0">
  <reporter-output>
  </reporter-output>
  <suite started-at="2022-09-03T15:57:50 IST" name="Default suite" finished-at="2022-09-03T15:57:50 IST" duration-ms="73">
    <groups>
    </groups>
    <test started-at="2022-09-03T15:57:50 IST" name="Default test" finished-at="2022-09-03T15:57:50 IST" duration-ms="73">
      <class name="learnAttributes.Attributes1">
        <test-method signature="createLead()[pri:0, instance:learnAttributes.Attributes1@194bcebf]" started-at="2022-09-03T15:57:50 IST" name="createLead" finished-at="2022-09-03T15:57:50 IST" duration-ms="13" status="PASS">
          <reporter-output>
          </reporter-output>
        </test-method> <!-- createLead -->
        <test-method signature="deleteLead()[pri:0, instance:learnAttributes.Attributes1@194bcebf]" started-at="2022-09-03T15:57:50 IST" name="deleteLead" finished-at="2022-09-03T15:57:50 IST" duration-ms="1" status="PASS">
          <reporter-output>
          </reporter-output>
        </test-method> <!-- deleteLead -->
        <test-method signature="logins()[pri:9, instance:learnAttributes.Attributes1@194bcebf]" started-at="2022-09-03T15:57:50 IST" name="logins" finished-at="2022-09-03T15:57:50 IST" duration-ms="2" status="PASS">
          <reporter-output>
          </reporter-output>
        </test-method> <!-- logins -->
        <test-method signature="duplicateLead()[pri:11, instance:learnAttributes.Attributes1@194bcebf]" started-at="2022-09-03T15:57:50 IST" name="duplicateLead" finished-at="2022-09-03T15:57:50 IST" duration-ms="2" status="PASS">
          <reporter-output>
          </reporter-output>
        </test-method> <!-- duplicateLead -->
        <test-method signature="login()[pri:12, instance:learnAttributes.Attributes1@194bcebf]" started-at="2022-09-03T15:57:50 IST" name="login" finished-at="2022-09-03T15:57:50 IST" duration-ms="1" status="PASS">
          <reporter-output>
          </reporter-output>
        </test-method> <!-- login -->
      </class> <!-- learnAttributes.Attributes1 -->
    </test> <!-- Default test -->
  </suite> <!-- Default suite -->
</testng-results>
